<?xml version="1.0" encoding="UTF-8"?>
<!-- Generated by org.testng.reporters.JUnitXMLReporter -->
<testsuite ignored="0" hostname="DDC5-L-F28T25H" failures="0" tests="8" name="Surefire test" time="0.095" errors="0" timestamp="2021-09-23T19:39:04 IST">
  <testcase classname="AppiumTest" name="android" time="0.008"/>
  <testcase classname="AppiumTest" name="ios" time="0.0"/>
  <testcase classname="selenium.AppiumTest" name="android" time="0.0"/>
  <testcase classname="selenium.AppiumTest" name="ios" time="0.001"/>
  <testcase classname="selenium.RestapiTest" name="get" time="0.001"/>
  <testcase classname="selenium.RestapiTest" name="put" time="0.0"/>
  <testcase classname="selenium.SeleniumTest" name="maven" time="0.001"/>
  <testcase classname="selenium.SeleniumTest" name="testng" time="0.002"/>
</testsuite> <!-- Surefire test -->
