<?xml version="1.0" encoding="UTF-8"?>
<testng-results ignored="0" total="2" passed="2" failed="0" skipped="0">
  <reporter-output>
  </reporter-output>
  <suite started-at="2021-09-24T17:36:46 IST" name="Suite" finished-at="2021-09-24T17:36:46 IST" duration-ms="73">
    <groups>
    </groups>
    <test started-at="2021-09-24T17:36:46 IST" name="Test" finished-at="2021-09-24T17:36:46 IST" duration-ms="73">
      <class name="selenium.SeleniumTest">
        <test-method signature="maven()[pri:0, instance:selenium.SeleniumTest@27c86f2d]" started-at="2021-09-24T17:36:46 IST" name="maven" finished-at="2021-09-24T17:36:46 IST" duration-ms="8" status="PASS">
          <reporter-output>
          </reporter-output>
        </test-method> <!-- maven -->
        <test-method signature="testng()[pri:0, instance:selenium.SeleniumTest@27c86f2d]" started-at="2021-09-24T17:36:46 IST" name="testng" finished-at="2021-09-24T17:36:46 IST" duration-ms="0" status="PASS">
          <reporter-output>
          </reporter-output>
        </test-method> <!-- testng -->
      </class> <!-- selenium.SeleniumTest -->
    </test> <!-- Test -->
  </suite> <!-- Suite -->
</testng-results>
