<?xml version="1.0" encoding="UTF-8"?>
<testng-results ignored="0" total="2" passed="2" failed="0" skipped="0">
  <reporter-output>
  </reporter-output>
  <suite started-at="2021-09-23T19:40:57 IST" name="Default suite" finished-at="2021-09-23T19:40:57 IST" duration-ms="62">
    <groups>
    </groups>
    <test started-at="2021-09-23T19:40:57 IST" name="Default test" finished-at="2021-09-23T19:40:57 IST" duration-ms="62">
      <class name="selenium.SeleniumTest">
        <test-method signature="maven()[pri:0, instance:selenium.SeleniumTest@6497b078]" started-at="2021-09-23T19:40:57 IST" name="maven" finished-at="2021-09-23T19:40:57 IST" duration-ms="13" status="PASS">
          <reporter-output>
          </reporter-output>
        </test-method> <!-- maven -->
        <test-method signature="testng()[pri:0, instance:selenium.SeleniumTest@6497b078]" started-at="2021-09-23T19:40:57 IST" name="testng" finished-at="2021-09-23T19:40:57 IST" duration-ms="2" status="PASS">
          <reporter-output>
          </reporter-output>
        </test-method> <!-- testng -->
      </class> <!-- selenium.SeleniumTest -->
    </test> <!-- Default test -->
  </suite> <!-- Default suite -->
</testng-results>
